{"name": "При добавлении ингредиента в заказ, увеличивается каунтер данного ингредиента", "status": "failed", "statusDetails": {"message": "AssertionError", "trace": "self = <tests.test_general_functions.TestGeneralFunctions object at 0x106f60c80>, start_driver_and_create_page = <page_objects.order_feed_object.OrderFeedObject object at 0x106fc3b00>\n\n    @allure.title('При добавлении ингредиента в заказ, увеличивается каунтер данного ингредиента')\n    def test_increasing_account_ingredient(self, start_driver_and_create_page):\n        page = start_driver_and_create_page\n        page.go_to_site(DATA.BASE_URL)\n        page.dragging_ingredient(DATA.INGREDIENT_BUN, DATA.BURGER_BASKET)\n>       page.assert_count_of_bun()\n\ntests/test_general_functions.py:53: \n_ _ _ _ _ _ _ _ _ _ _ _ _ _ _ _ _ _ _ _ _ _ _ _ _ _ _ _ _ _ _ _ _ _ _ _ _ _ _ _ _ _ _ _ _ _ _ _ _ _ _ _ _ _ _ _ _ _ _ _ _ _ _ _ _ _ _ _ _ _ _ _ _ _ _ _ _ _ _ _ _ _ _ _ _ _ _ _ _ _ _ _ _ _ _ _ _ _ _ _ _ _ _ _ _ _ _ _ _ _ _ _ _ _ _ _ \n\nself = <page_objects.order_feed_object.OrderFeedObject object at 0x106fc3b00>\n\n    @allure.step('Проверка каунтера булки')\n    def assert_count_of_bun(self):\n>       assert self.get_count_of_current_ingredient() == \"2\"\nE       AssertionError\n\npage_objects/create_order_object.py:60: AssertionError"}, "steps": [{"name": "Переход на страницу", "status": "passed", "parameters": [{"name": "url", "value": "'https://stellarburgers.nomoreparties.site'"}], "start": 1732604570116, "stop": 1732604571863}, {"name": "Перетягивание ингредиента", "status": "passed", "steps": [{"name": "Поиск элемента", "status": "passed", "parameters": [{"name": "elements_locator", "value": "('xpath', '//p[text()=\"Флюоресцентная булка R2-D3\"]')"}], "start": 1732604571863, "stop": 1732604571881}, {"name": "Поиск элемента", "status": "passed", "parameters": [{"name": "elements_locator", "value": "('xpath', '//div[@class=\"constructor-element constructor-element_pos_top\"]')"}], "start": 1732604571881, "stop": 1732604571886}], "parameters": [{"name": "first_element_locator", "value": "('xpath', '//p[text()=\"Флюоресцентная булка R2-D3\"]')"}, {"name": "second_element_locator", "value": "('xpath', '//div[@class=\"constructor-element constructor-element_pos_top\"]')"}], "start": 1732604571863, "stop": 1732604572426}, {"name": "Проверка каунтера булки", "status": "failed", "statusDetails": {"message": "AssertionError\n", "trace": "  File \"/Users/dmitriydemidov/PycharmProjects/Diplome_3/.venv/lib/python3.12/site-packages/allure_commons/_allure.py\", line 192, in impl\n    return func(*a, **kw)\n           ^^^^^^^^^^^^^^\n  File \"/Users/dmitriydemidov/PycharmProjects/Diplome_3/page_objects/create_order_object.py\", line 60, in assert_count_of_bun\n    assert self.get_count_of_current_ingredient() == \"2\"\n           ^^^^^^^^^^^^^^^^^^^^^^^^^^^^^^^^^^^^^^^^^^^^^\n"}, "steps": [{"name": "Получение каунтера ингредиента", "status": "passed", "steps": [{"name": "Получить текст элемента", "status": "passed", "steps": [{"name": "Поиск элемента", "status": "passed", "parameters": [{"name": "elements_locator", "value": "('xpath', '//div[contains(@class,\"counter_default\")][1]//p[contains(@class,\"counter_counter\")]')"}], "start": 1732604572427, "stop": 1732604572435}], "parameters": [{"name": "elements_locator", "value": "('xpath', '//div[contains(@class,\"counter_default\")][1]//p[contains(@class,\"counter_counter\")]')"}], "start": 1732604572427, "stop": 1732604572440}], "start": 1732604572427, "stop": 1732604572440}], "start": 1732604572427, "stop": 1732604572440}], "parameters": [{"name": "start_driver_and_create_page", "value": "'firefox'"}], "start": 1732604570116, "stop": 1732604572443, "uuid": "3c7a321b-d055-41e0-aecb-b4e419b5eaae", "historyId": "b6f2bd30d3144f0437120e196083afa1", "testCaseId": "8ea900ce72b0eac69b04f8cc39223595", "fullName": "tests.test_general_functions.TestGeneralFunctions#test_increasing_account_ingredient", "labels": [{"name": "feature", "value": "Проверка основного функционала"}, {"name": "parentSuite", "value": "tests"}, {"name": "suite", "value": "test_general_functions"}, {"name": "subSuite", "value": "TestGeneralFunctions"}, {"name": "host", "value": "MacBook-Air-Dmitriy.local"}, {"name": "thread", "value": "26792-MainThread"}, {"name": "framework", "value": "pytest"}, {"name": "language", "value": "cpython3"}, {"name": "package", "value": "tests.test_general_functions"}]}